<?xml version="1.0" encoding="UTF-8"?>
<testng-results ignored="0" total="1" passed="1" failed="0" skipped="0">
  <reporter-output>
  </reporter-output>
  <suite started-at="2024-01-22T11:28:36 IST" name="Default suite" finished-at="2024-01-22T11:28:50 IST" duration-ms="14232">
    <groups>
    </groups>
    <test started-at="2024-01-22T11:28:36 IST" name="Default test" finished-at="2024-01-22T11:28:50 IST" duration-ms="14232">
      <class name="Module1_LoginTest.TC1_SwagLabLoginTest">
        <test-method is-config="true" signature="openBrowser()[pri:0, instance:Module1_LoginTest.TC1_SwagLabLoginTest@17f9d882]" started-at="2024-01-22T11:28:36 IST" name="openBrowser" finished-at="2024-01-22T11:28:43 IST" duration-ms="7082" status="PASS">
          <reporter-output>
          </reporter-output>
        </test-method> <!-- openBrowser -->
        <test-method is-config="true" signature="loginToApp()[pri:0, instance:Module1_LoginTest.TC1_SwagLabLoginTest@17f9d882]" started-at="2024-01-22T11:28:43 IST" name="loginToApp" finished-at="2024-01-22T11:28:47 IST" duration-ms="3395" status="PASS">
          <reporter-output>
          </reporter-output>
        </test-method> <!-- loginToApp -->
        <test-method signature="verifyTitle()[pri:0, instance:Module1_LoginTest.TC1_SwagLabLoginTest@17f9d882]" started-at="2024-01-22T11:28:47 IST" name="verifyTitle" finished-at="2024-01-22T11:28:47 IST" duration-ms="549" status="PASS">
          <reporter-output>
          </reporter-output>
        </test-method> <!-- verifyTitle -->
        <test-method is-config="true" signature="logoutFromApp(org.testng.ITestResult)[pri:0, instance:Module1_LoginTest.TC1_SwagLabLoginTest@17f9d882]" started-at="2024-01-22T11:28:47 IST" name="logoutFromApp" finished-at="2024-01-22T11:28:50 IST" duration-ms="2487" status="PASS">
          <params>
            <param index="0">
              <value>
                <![CDATA[[TestResult name=verifyTitle status=SUCCESS method=TC1_SwagLabLoginTest.verifyTitle()[pri:0, instance:Module1_LoginTest.TC1_SwagLabLoginTest@17f9d882] output={null}]]]>
              </value>
            </param>
          </params>
          <reporter-output>
          </reporter-output>
        </test-method> <!-- logoutFromApp -->
        <test-method is-config="true" signature="closeBrowser()[pri:0, instance:Module1_LoginTest.TC1_SwagLabLoginTest@17f9d882]" started-at="2024-01-22T11:28:50 IST" name="closeBrowser" finished-at="2024-01-22T11:28:50 IST" duration-ms="693" status="PASS">
          <reporter-output>
          </reporter-output>
        </test-method> <!-- closeBrowser -->
      </class> <!-- Module1_LoginTest.TC1_SwagLabLoginTest -->
    </test> <!-- Default test -->
  </suite> <!-- Default suite -->
</testng-results>
